<?xml version="1.0" encoding="UTF-8"?>
<testng-results skipped="0" failed="0" ignored="0" total="1" passed="1">
  <reporter-output>
  </reporter-output>
  <suite name="Default suite" duration-ms="3502" started-at="2022-03-24T02:04:29 CDT" finished-at="2022-03-24T02:04:32 CDT">
    <groups>
    </groups>
    <test name="Default test" duration-ms="3502" started-at="2022-03-24T02:04:29 CDT" finished-at="2022-03-24T02:04:32 CDT">
      <class name="testCases.UpdateAProduct">
        <test-method status="PASS" signature="updateAProduct()[pri:0, instance:testCases.UpdateAProduct@2a742aa2]" name="updateAProduct" duration-ms="3469" started-at="2022-03-24T02:04:29 CDT" finished-at="2022-03-24T02:04:32 CDT">
          <reporter-output>
          </reporter-output>
        </test-method> <!-- updateAProduct -->
      </class> <!-- testCases.UpdateAProduct -->
    </test> <!-- Default test -->
  </suite> <!-- Default suite -->
</testng-results>
